{
  "RSpec": {
    "coverage": {
      "/Users/cesarecamurani/Desktop/Projects/Week_10/Bank-Tech-Test/spec/bank_account_spec.rb": [
        1,
        null,
        1,
        5,
        5,
        null,
        1,
        4,
        null,
        null,
        2,
        null,
        1,
        1,
        1,
        1,
        null,
        null,
        null,
        1,
        1,
        1,
        1,
        1,
        null,
        null,
        1,
        1,
        2,
        null,
        null,
        null,
        null
      ],
      "/Users/cesarecamurani/Desktop/Projects/Week_10/Bank-Tech-Test/lib/bank_account.rb": [
        1,
        1,
        null,
        null,
        1,
        1,
        null,
        1,
        8,
        8,
        null,
        null,
        1,
        3,
        null,
        null,
        1,
        2,
        1,
        null,
        null,
        1,
        2,
        null,
        null,
        null
      ],
      "/Users/cesarecamurani/Desktop/Projects/Week_10/Bank-Tech-Test/lib/statement.rb": [
        null,
        1,
        1,
        null,
        1,
        5,
        null,
        null,
        null
      ],
      "/Users/cesarecamurani/Desktop/Projects/Week_10/Bank-Tech-Test/lib/transaction.rb": [
        null,
        1,
        1,
        null,
        1,
        3,
        3,
        3,
        3,
        null,
        null
      ],
      "/Users/cesarecamurani/Desktop/Projects/Week_10/Bank-Tech-Test/spec/statement_spec.rb": [
        1,
        null,
        1,
        2,
        null,
        2,
        null,
        null
      ],
      "/Users/cesarecamurani/Desktop/Projects/Week_10/Bank-Tech-Test/spec/transaction_spec.rb": [
        1,
        null,
        1,
        4,
        null,
        2,
        2,
        2,
        null,
        null
      ]
    },
    "timestamp": 1547477955
  }
}
