{
  "RSpec": {
    "coverage": {
      "/Users/cesarecamurani/Desktop/Projects/Week_10/Bank-Tech-Test/spec/bank_account_spec.rb": [
        1,
        1,
        null,
        1,
        5,
        1,
        4,
        null,
        null,
        null,
        null,
        null,
        1,
        4,
        null,
        null,
        1,
        1,
        1,
        1,
        null,
        null,
        null,
        1,
        1,
        1,
        1,
        1,
        null,
        null,
        1,
        1,
        1,
        2,
        null,
        null,
        null,
        1,
        1,
        2,
        null,
        null,
        null
      ],
      "/Users/cesarecamurani/Desktop/Projects/Week_10/Bank-Tech-Test/lib/bank_account.rb": [
        1,
        null,
        null,
        1,
        null,
        1,
        8,
        8,
        null,
        null,
        1,
        7,
        7,
        null,
        null,
        1,
        6,
        4,
        4,
        null,
        null,
        1,
        2,
        null,
        null,
        1,
        null,
        1,
        6,
        null,
        null,
        null
      ],
      "/Users/cesarecamurani/Desktop/Projects/Week_10/Bank-Tech-Test/lib/statement.rb": [
        1,
        null,
        1,
        1,
        null,
        1,
        7,
        7,
        null,
        null,
        1,
        5,
        null,
        null,
        null,
        null,
        null,
        1,
        3,
        null,
        null,
        null,
        null,
        null,
        1,
        2,
        null,
        null
      ],
      "/Users/cesarecamurani/Desktop/Projects/Week_10/Bank-Tech-Test/lib/show_statement.rb": [
        null,
        1,
        null,
        1,
        null,
        1,
        5,
        null,
        null,
        1,
        2,
        4,
        null,
        2,
        null,
        null,
        1,
        null,
        1,
        12,
        null,
        null,
        null
      ],
      "/Users/cesarecamurani/Desktop/Projects/Week_10/Bank-Tech-Test/spec/feature_tests/deposit_feature_spec.rb": [
        null,
        1,
        2,
        2,
        null,
        1,
        1,
        1,
        null,
        null
      ],
      "/Users/cesarecamurani/Desktop/Projects/Week_10/Bank-Tech-Test/spec/feature_tests/print_statement_feature_spec.rb": [
        1,
        null,
        1,
        2,
        null,
        1,
        1,
        1,
        1,
        null,
        null,
        2,
        null,
        null
      ],
      "/Users/cesarecamurani/Desktop/Projects/Week_10/Bank-Tech-Test/spec/feature_tests/withdraw_feature_spec.rb": [
        null,
        1,
        3,
        2,
        null,
        1,
        1,
        1,
        1,
        null,
        null,
        1,
        1,
        2,
        null,
        null
      ],
      "/Users/cesarecamurani/Desktop/Projects/Week_10/Bank-Tech-Test/spec/show_statement_spec.rb": [
        1,
        1,
        null,
        1,
        1,
        1,
        null,
        null,
        null,
        null,
        null,
        null,
        null,
        null,
        2,
        1,
        null,
        1,
        1,
        1,
        1,
        null,
        null,
        null
      ],
      "/Users/cesarecamurani/Desktop/Projects/Week_10/Bank-Tech-Test/spec/statement_spec.rb": [
        1,
        1,
        null,
        1,
        4,
        4,
        null,
        1,
        3,
        null,
        null,
        1,
        null,
        null,
        null,
        null,
        1,
        null,
        null,
        null,
        null,
        1,
        1,
        1,
        null,
        null,
        null,
        1,
        1,
        1,
        null,
        null,
        null,
        1,
        1,
        1,
        null,
        null,
        null
      ]
    },
    "timestamp": 1547720141
  }
}
